<?xml version="1.0" encoding="UTF-8"?>
<robot generator="Robot 7.1 (Python 3.11.3 on win32)" generated="2024-09-24T21:49:17.474459" rpa="false" schemaversion="5">
<suite id="s1" name="Curso-Robot" source="D:\Willian\Cursos\Alura\Robot Framework automatizando testes no padrão BDD\robot-framework-organo-main\curso-robot">
<suite id="s1-s1" name="Primeiro Teste" source="D:\Willian\Cursos\Alura\Robot Framework automatizando testes no padrão BDD\robot-framework-organo-main\curso-robot\primeiro_teste.robot">
<kw name="Set Environment Variable" owner="OperatingSystem" type="SETUP">
<msg time="2024-09-24T21:49:18.059352" level="INFO">Environment variable 'webdriver.chrome.driver' set to value 'D:\Willian\Cursos\Alura\Robot Framework automatizando testes no padrão BDD\robot-framework-organo-main\curso-robot/chromedriver.exe'.</msg>
<arg>webdriver.chrome.driver</arg>
<arg>D:\\Willian\\Cursos\\Alura\\Robot Framework automatizando testes no padrão BDD\\robot-framework-organo-main\\curso-robot/chromedriver.exe</arg>
<doc>Sets an environment variable to a specified value.</doc>
<status status="PASS" start="2024-09-24T21:49:18.059352" elapsed="0.000000"/>
</kw>
<test id="s1-s1-t1" name="Verificar se ao preencher corretamente o formulário os dados são inseridos corretamente na lista e se um novo card é criado no time esperado" line="24">
<kw name="Dado que eu acesse o Organo">
<kw name="Open Browser" owner="SeleniumLibrary">
<msg time="2024-09-24T21:49:18.065873" level="INFO">Opening browser 'Chrome' to base url 'http://localhost:3000'.</msg>
<arg>http://localhost:3000</arg>
<arg>browser=Chrome</arg>
<doc>Opens a new browser instance to the optional ``url``.</doc>
<status status="PASS" start="2024-09-24T21:49:18.065873" elapsed="3.039709"/>
</kw>
<status status="PASS" start="2024-09-24T21:49:18.059352" elapsed="3.046230"/>
</kw>
<kw name="E preencha os campos do formulário">
<kw name="Input Text" owner="SeleniumLibrary">
<msg time="2024-09-24T21:49:21.115706" level="INFO">Typing text 'Akemi' into text field 'id:form-nome'.</msg>
<arg>${CAMPO_NOME}</arg>
<arg>Akemi</arg>
<doc>Types the given ``text`` into the text field identified by ``locator``.</doc>
<status status="PASS" start="2024-09-24T21:49:21.110614" elapsed="0.209360"/>
</kw>
<kw name="Input Text" owner="SeleniumLibrary">
<msg time="2024-09-24T21:49:21.321120" level="INFO">Typing text 'Desenvolvedora' into text field 'id:form-cargo'.</msg>
<arg>${CAMPO_CARGO}</arg>
<arg>Desenvolvedora</arg>
<doc>Types the given ``text`` into the text field identified by ``locator``.</doc>
<status status="PASS" start="2024-09-24T21:49:21.320611" elapsed="0.164669"/>
</kw>
<kw name="Input Text" owner="SeleniumLibrary">
<msg time="2024-09-24T21:49:21.487232" level="INFO">Typing text 'https://picsum.photos/200/300' into text field 'id:form-imagem'.</msg>
<arg>${CAMPO_IMAGEM}</arg>
<arg>https://picsum.photos/200/300</arg>
<doc>Types the given ``text`` into the text field identified by ``locator``.</doc>
<status status="PASS" start="2024-09-24T21:49:21.485787" elapsed="0.208572"/>
</kw>
<kw name="Click Element" owner="SeleniumLibrary">
<msg time="2024-09-24T21:49:21.694868" level="INFO">Clicking element 'class:lista-suspensa'.</msg>
<arg>${CAMPO_TIME}</arg>
<doc>Click the element identified by ``locator``.</doc>
<status status="PASS" start="2024-09-24T21:49:21.694868" elapsed="0.067095"/>
</kw>
<kw name="Click Element" owner="SeleniumLibrary">
<msg time="2024-09-24T21:49:21.761963" level="INFO">Clicking element '//option[contains(.,'Programação')]'.</msg>
<arg>${PROGRAMACAO}</arg>
<doc>Click the element identified by ``locator``.</doc>
<status status="PASS" start="2024-09-24T21:49:21.761963" elapsed="0.048523"/>
</kw>
<status status="PASS" start="2024-09-24T21:49:21.110614" elapsed="0.699872"/>
</kw>
<kw name="E clique no botão criar card">
<kw name="Click Element" owner="SeleniumLibrary">
<msg time="2024-09-24T21:49:21.811486" level="INFO">Clicking element 'id:form-botao'.</msg>
<arg>${CAMPO_CARD}</arg>
<doc>Click the element identified by ``locator``.</doc>
<status status="PASS" start="2024-09-24T21:49:21.811486" elapsed="0.078482"/>
</kw>
<status status="PASS" start="2024-09-24T21:49:21.810486" elapsed="0.080483"/>
</kw>
<kw name="Então identificar o card no time esperado">
<kw name="Element Should Be Visible" owner="SeleniumLibrary">
<msg time="2024-09-24T21:49:21.961541" level="INFO">Element 'class:colaborador' is displayed.</msg>
<arg>class:colaborador</arg>
<doc>Verifies that the element identified by ``locator`` is visible.</doc>
<status status="PASS" start="2024-09-24T21:49:21.891972" elapsed="0.069569"/>
</kw>
<status status="PASS" start="2024-09-24T21:49:21.890969" elapsed="0.070572"/>
</kw>
<status status="PASS" start="2024-09-24T21:49:18.059352" elapsed="3.903196"/>
</test>
<status status="PASS" start="2024-09-24T21:49:17.510770" elapsed="4.452777"/>
</suite>
<status status="PASS" start="2024-09-24T21:49:17.482263" elapsed="4.482286"/>
</suite>
<statistics>
<total>
<stat pass="1" fail="0" skip="0">All Tests</stat>
</total>
<tag>
</tag>
<suite>
<stat pass="1" fail="0" skip="0" id="s1" name="Curso-Robot">Curso-Robot</stat>
<stat pass="1" fail="0" skip="0" id="s1-s1" name="Primeiro Teste">Curso-Robot.Primeiro Teste</stat>
</suite>
</statistics>
<errors>
</errors>
</robot>
